<?xml version="1.0" encoding="UTF-8"?>
<!-- Generated by org.testng.reporters.JUnitXMLReporter -->
<testsuite ignored="0" hostname="DESKTOP-GH6L59N" failures="0" tests="5" name="Test" time="13.933" errors="0" timestamp="2024-04-25T19:52:39 IDT">
  <testcase classname="tests.ProductsTest" name="tc01_addproduct" time="0.543"/>
  <testcase classname="tests.ProductsTest" name="tc02_remove" time="0.92"/>
  <testcase classname="tests.LoginTest" name="tc01_loginfailed" time="1.442"/>
  <testcase classname="tests.LoginTest" name="tc02_loginpassed" time="1.276"/>
  <testcase classname="tests.LoginTest" name="tc03_logout" time="1.867"/>
</testsuite> <!-- Test -->
