<?xml version="1.0" encoding="UTF-8"?>
<testng-results ignored="0" total="5" passed="5" failed="0" skipped="0">
  <reporter-output>
  </reporter-output>
  <suite started-at="2024-04-25T19:52:25 IDT" name="Suite" finished-at="2024-04-25T19:52:38 IDT" duration-ms="13933">
    <groups>
    </groups>
    <test started-at="2024-04-25T19:52:25 IDT" name="Test" finished-at="2024-04-25T19:52:38 IDT" duration-ms="13933">
      <class name="tests.LoginTest">
        <test-method is-config="true" signature="setup()[pri:0, instance:tests.LoginTest@56de6d6b]" started-at="2024-04-25T19:52:31 IDT" name="setup" finished-at="2024-04-25T19:52:34 IDT" duration-ms="2676" status="PASS">
          <reporter-output>
          </reporter-output>
        </test-method> <!-- setup -->
        <test-method signature="tc01_loginfailed()[pri:0, instance:tests.LoginTest@56de6d6b]" started-at="2024-04-25T19:52:34 IDT" name="tc01_loginfailed" description="login failed test" finished-at="2024-04-25T19:52:35 IDT" duration-ms="1442" status="PASS">
          <reporter-output>
          </reporter-output>
        </test-method> <!-- tc01_loginfailed -->
        <test-method signature="tc02_loginpassed()[pri:0, instance:tests.LoginTest@56de6d6b]" started-at="2024-04-25T19:52:35 IDT" name="tc02_loginpassed" description="login Passed" finished-at="2024-04-25T19:52:37 IDT" duration-ms="1276" status="PASS">
          <reporter-output>
          </reporter-output>
        </test-method> <!-- tc02_loginpassed -->
        <test-method signature="tc03_logout()[pri:0, instance:tests.LoginTest@56de6d6b]" started-at="2024-04-25T19:52:37 IDT" name="tc03_logout" description="logout test" finished-at="2024-04-25T19:52:38 IDT" duration-ms="1867" status="PASS">
          <reporter-output>
          </reporter-output>
        </test-method> <!-- tc03_logout -->
        <test-method is-config="true" signature="TearDown()[pri:0, instance:tests.LoginTest@56de6d6b]" started-at="2024-04-25T19:52:38 IDT" name="TearDown" finished-at="2024-04-25T19:52:38 IDT" duration-ms="2" status="PASS">
          <reporter-output>
          </reporter-output>
        </test-method> <!-- TearDown -->
      </class> <!-- tests.LoginTest -->
      <class name="tests.ProductsTest">
        <test-method is-config="true" signature="setup()[pri:0, instance:tests.ProductsTest@4e38d975]" started-at="2024-04-25T19:52:25 IDT" name="setup" finished-at="2024-04-25T19:52:28 IDT" duration-ms="3561" status="PASS">
          <reporter-output>
          </reporter-output>
        </test-method> <!-- setup -->
        <test-method is-config="true" signature="setupLogin()[pri:0, instance:tests.ProductsTest@4e38d975]" started-at="2024-04-25T19:52:28 IDT" name="setupLogin" finished-at="2024-04-25T19:52:30 IDT" duration-ms="1468" status="PASS">
          <reporter-output>
          </reporter-output>
        </test-method> <!-- setupLogin -->
        <test-method signature="tc01_addproduct()[pri:0, instance:tests.ProductsTest@4e38d975]" started-at="2024-04-25T19:52:30 IDT" name="tc01_addproduct" description="add product test" finished-at="2024-04-25T19:52:30 IDT" duration-ms="543" status="PASS">
          <reporter-output>
          </reporter-output>
        </test-method> <!-- tc01_addproduct -->
        <test-method signature="tc02_remove()[pri:0, instance:tests.ProductsTest@4e38d975]" started-at="2024-04-25T19:52:30 IDT" name="tc02_remove" description="add remove products test" finished-at="2024-04-25T19:52:31 IDT" duration-ms="920" status="PASS">
          <reporter-output>
          </reporter-output>
        </test-method> <!-- tc02_remove -->
        <test-method is-config="true" signature="TearDown()[pri:0, instance:tests.ProductsTest@4e38d975]" started-at="2024-04-25T19:52:31 IDT" name="TearDown" finished-at="2024-04-25T19:52:31 IDT" duration-ms="1" status="PASS">
          <reporter-output>
          </reporter-output>
        </test-method> <!-- TearDown -->
      </class> <!-- tests.ProductsTest -->
    </test> <!-- Test -->
  </suite> <!-- Suite -->
</testng-results>
