<?xml version="1.0" encoding="UTF-8"?>
<testng-results ignored="0" total="2" passed="2" failed="0" skipped="0">
  <reporter-output>
  </reporter-output>
  <suite started-at="2024-04-25T19:50:24 IDT" name="Default suite" finished-at="2024-04-25T19:50:30 IDT" duration-ms="6970">
    <groups>
    </groups>
    <test started-at="2024-04-25T19:50:24 IDT" name="Default test" finished-at="2024-04-25T19:50:30 IDT" duration-ms="6970">
      <class name="tests.ProductsTest">
        <test-method is-config="true" signature="setup()[pri:0, instance:tests.ProductsTest@238acd0b]" started-at="2024-04-25T19:50:24 IDT" name="setup" finished-at="2024-04-25T19:50:27 IDT" duration-ms="3767" status="PASS">
          <reporter-output>
          </reporter-output>
        </test-method> <!-- setup -->
        <test-method is-config="true" signature="setupLogin()[pri:0, instance:tests.ProductsTest@238acd0b]" started-at="2024-04-25T19:50:27 IDT" name="setupLogin" finished-at="2024-04-25T19:50:29 IDT" duration-ms="1400" status="PASS">
          <reporter-output>
          </reporter-output>
        </test-method> <!-- setupLogin -->
        <test-method signature="tc01_addproduct()[pri:0, instance:tests.ProductsTest@238acd0b]" started-at="2024-04-25T19:50:29 IDT" name="tc01_addproduct" description="add product test" finished-at="2024-04-25T19:50:29 IDT" duration-ms="700" status="PASS">
          <reporter-output>
          </reporter-output>
        </test-method> <!-- tc01_addproduct -->
        <test-method signature="tc02_remove()[pri:0, instance:tests.ProductsTest@238acd0b]" started-at="2024-04-25T19:50:30 IDT" name="tc02_remove" description="add remove products test" finished-at="2024-04-25T19:50:30 IDT" duration-ms="922" status="PASS">
          <reporter-output>
          </reporter-output>
        </test-method> <!-- tc02_remove -->
        <test-method is-config="true" signature="TearDown()[pri:0, instance:tests.ProductsTest@238acd0b]" started-at="2024-04-25T19:50:30 IDT" name="TearDown" finished-at="2024-04-25T19:50:30 IDT" duration-ms="0" status="PASS">
          <reporter-output>
          </reporter-output>
        </test-method> <!-- TearDown -->
      </class> <!-- tests.ProductsTest -->
    </test> <!-- Default test -->
  </suite> <!-- Default suite -->
</testng-results>
